<?xml version="1.0" encoding="UTF-8"?>
<!-- Generated by org.testng.reporters.JUnitReportReporter -->
<testsuite skipped="0" hostname="Analyst" name="Selenium.testing2" tests="1" failures="0" timestamp="18 Apr 2017 18:40:00 GMT" time="16.949" errors="0">
  <testcase name="testig" time="16.949" classname="Selenium.testing2"/>
</testsuite> <!-- Selenium.testing2 -->
