<?xml version="1.0" encoding="UTF-8"?>
<!-- Generated by org.testng.reporters.JUnitReportReporter -->
<testsuite skipped="0" hostname="Analyst" name="Selenium.MavenTest" tests="2" failures="0" timestamp="18 Apr 2017 18:40:00 GMT" time="46.643" errors="0">
  <testcase name="maven" time="25.912" classname="Selenium.MavenTest"/>
  <testcase name="maven" time="20.731" classname="Selenium.MavenTest"/>
</testsuite> <!-- Selenium.MavenTest -->
