<?xml version="1.0" encoding="UTF-8"?>
<!-- Generated by org.testng.reporters.JUnitReportReporter -->
<testsuite skipped="0" hostname="Analyst" name="Selenium.MavenSample" tests="2" failures="0" timestamp="18 Apr 2017 18:40:00 GMT" time="24.406" errors="0">
  <testcase name="test" time="9.528" classname="Selenium.MavenSample"/>
  <testcase name="test" time="14.878" classname="Selenium.MavenSample"/>
</testsuite> <!-- Selenium.MavenSample -->
