<?xml version="1.0" encoding="UTF-8"?>
<!-- Generated by org.testng.reporters.JUnitReportReporter -->
<testsuite skipped="0" hostname="Analyst" name="Selenium.MavenTest" tests="1" failures="0" timestamp="19 Apr 2017 23:02:43 GMT" time="27.149" errors="0">
  <testcase name="maven" time="27.149" classname="Selenium.MavenTest"/>
</testsuite> <!-- Selenium.MavenTest -->
